2025-09-24 17:45:26,961 - AdvancedScheduler - INFO - ๐ ุจุฏุก ุฌูุณุฉ ุชุฏุฑูุจ ุฐููุฉ - 17:45:26
2025-09-24 17:45:26,963 - AdvancedScheduler - ERROR - ูุดู ูู ุฌูุณุฉ ุงูุชุฏุฑูุจ: 'SocialMediaCollector' object has no attribute 'collect_all_sources'
2025-09-24 17:48:29,047 - AdvancedScheduler - INFO - ๐ ุจุฏุก ุฌูุณุฉ ุชุฏุฑูุจ ุฐููุฉ - 17:48:29
2025-09-24 17:48:29,049 - social_media_collector - INFO - ุชู ุฌูุน 8 ุชุบุฑูุฏุฉ ูู Twitter
2025-09-24 17:48:29,050 - social_media_collector - INFO - ุชู ุฌูุน 5 ููุดูุฑ ูู Reddit
2025-09-24 17:48:29,050 - social_media_collector - INFO - ุชู ุฌูุน 5 ููุดูุฑ ูู ุงูููุชุฏูุงุช
2025-09-24 17:48:29,054 - social_media_collector - INFO - ุฌูุน ุงูุจูุงูุงุช: 18 ุงูููุ 10 ูุตูู
2025-09-24 17:48:29,451 - smart_auto_trainer - INFO - ุชู ุฅุถุงูุฉ 10 ุฌููุฉ ุฌุฏูุฏุฉ ุฅูู ูุงุนุฏุฉ ุงูุจูุงูุงุช
2025-09-24 17:48:29,846 - smart_auto_trainer - ERROR - ุฎุทุฃ ูู ุชุฏุฑูุจ ูุงูู: 'NanoBrain' object has no attribute 'retrain_with_new_data'
2025-09-24 17:48:30,880 - AdvancedScheduler - INFO - ุฌูุณุฉ ูุงุฌุญุฉ: 10 ุฌููุฉ ุฌุฏูุฏุฉ ูู 0.8 ุซุงููุฉ
2025-09-24 17:51:44,064 - AdvancedScheduler - INFO - ุชู ุจุฏุก ูุฑุงูุจุฉ ุงููุธุงู
2025-09-24 17:51:45,080 - AdvancedScheduler - ERROR - ุฎุทุฃ ูู ูุญุต ููุงุฑุฏ ุงููุธุงู: cannot start a transaction within a transaction
2025-09-24 17:51:45,081 - AdvancedScheduler - INFO - ๐ ุจุฏุก ุฌูุณุฉ ุชุฏุฑูุจ ุฐููุฉ - 17:51:45
2025-09-24 17:51:45,086 - social_media_collector - INFO - ุชู ุฌูุน 8 ุชุบุฑูุฏุฉ ูู Twitter
2025-09-24 17:51:45,088 - social_media_collector - INFO - ุชู ุฌูุน 5 ููุดูุฑ ูู Reddit
2025-09-24 17:51:45,089 - social_media_collector - INFO - ุชู ุฌูุน 5 ููุดูุฑ ูู ุงูููุชุฏูุงุช
2025-09-24 17:51:45,090 - social_media_collector - INFO - ุฌูุน ุงูุจูุงูุงุช: 18 ุงูููุ 10 ูุตูู
2025-09-24 17:51:45,209 - smart_auto_trainer - INFO - ุชู ุฅุถุงูุฉ 0 ุฌููุฉ ุฌุฏูุฏุฉ ุฅูู ูุงุนุฏุฉ ุงูุจูุงูุงุช
2025-09-24 17:51:46,302 - AdvancedScheduler - INFO - ุฌูุณุฉ ูุงุฌุญุฉ: 0 ุฌููุฉ ุฌุฏูุฏุฉ ูู 0.1 ุซุงููุฉ
2025-09-24 17:57:48,090 - social_media_collector - INFO - ุชู ุฌูุน 2 ุชุบุฑูุฏุฉ ูู Twitter
2025-09-24 17:57:48,090 - social_media_collector - INFO - ุชู ุฌูุน 2 ููุดูุฑ ูู Reddit
2025-09-24 17:57:48,091 - social_media_collector - INFO - ุชู ุฌูุน 5 ููุดูุฑ ูู ุงูููุชุฏูุงุช
2025-09-24 17:57:48,092 - social_media_collector - INFO - ุฌูุน ุงูุจูุงูุงุช: 9 ุงูููุ 7 ูุตูู
2025-09-24 17:57:48,706 - smart_auto_trainer - INFO - ุชู ุฅุถุงูุฉ 0 ุฌููุฉ ุฌุฏูุฏุฉ ุฅูู ูุงุนุฏุฉ ุงูุจูุงูุงุช
2025-09-24 18:01:13,010 - social_media_collector - INFO - ุชู ุฌูุน 2 ุชุบุฑูุฏุฉ ูู Twitter
2025-09-24 18:01:13,011 - social_media_collector - INFO - ุชู ุฌูุน 2 ููุดูุฑ ูู Reddit
2025-09-24 18:01:13,011 - social_media_collector - INFO - ุชู ุฌูุน 5 ููุดูุฑ ูู ุงูููุชุฏูุงุช
2025-09-24 18:01:13,012 - social_media_collector - INFO - ุฌูุน ุงูุจูุงูุงุช: 9 ุงูููุ 7 ูุตูู
2025-09-24 18:01:13,274 - smart_auto_trainer - INFO - ุชู ุฅุถุงูุฉ 0 ุฌููุฉ ุฌุฏูุฏุฉ ุฅูู ูุงุนุฏุฉ ุงูุจูุงูุงุช
2025-09-24 19:51:49,828 - AdvancedScheduler - INFO - ๐ ุจุฏุก ุฌูุณุฉ ุชุฏุฑูุจ ุฐููุฉ - 19:51:49
2025-09-24 19:51:49,875 - social_media_collector - INFO - ุชู ุฌูุน 8 ุชุบุฑูุฏุฉ ูู Twitter
2025-09-24 19:51:49,877 - social_media_collector - INFO - ุชู ุฌูุน 5 ููุดูุฑ ูู Reddit
2025-09-24 19:51:49,878 - social_media_collector - INFO - ุชู ุฌูุน 5 ููุดูุฑ ูู ุงูููุชุฏูุงุช
2025-09-24 19:51:49,908 - social_media_collector - INFO - ุฌูุน ุงูุจูุงูุงุช: 18 ุงูููุ 10 ูุตูู
2025-09-24 19:51:50,044 - smart_auto_trainer - INFO - ุชู ุฅุถุงูุฉ 0 ุฌููุฉ ุฌุฏูุฏุฉ ุฅูู ูุงุนุฏุฉ ุงูุจูุงูุงุช
2025-09-24 19:51:51,111 - AdvancedScheduler - INFO - ุฌูุณุฉ ูุงุฌุญุฉ: 0 ุฌููุฉ ุฌุฏูุฏุฉ ูู 0.2 ุซุงููุฉ
